<?xml version="1.0" encoding="UTF-8"?>
<!-- Generated by org.testng.reporters.JUnitReportReporter -->
<testsuite hostname="Abms-MBP.fios-router.home" name="SeleniumFramwork.SeleniumFramwork.HomePage" tests="1" failures="0" timestamp="7 Aug 2019 15:58:12 GMT" time="3.583" errors="0">
  <testcase name="navigation" time="3.583" classname="SeleniumFramwork.SeleniumFramwork.HomePage"/>
</testsuite> <!-- SeleniumFramwork.SeleniumFramwork.HomePage -->
